<?xml version="1.0" encoding="UTF-8" ?>
<testsuite failures="0" time="30.802" errors="0" skipped="0" tests="14" name="org.fusesource.rocksdbjni.test.DBTest">
  <properties>
[...]
</properties>
  <testcase time="0.15" classname="org.fusesource.rocksdbjni.test.DBTest" name="testOpen"/>
  <testcase time="0.146" classname="org.fusesource.rocksdbjni.test.DBTest" name="testRepair"/>
  <testcase time="0.094" classname="org.fusesource.rocksdbjni.test.DBTest" name="testCRUD"/>
  <testcase time="0.094" classname="org.fusesource.rocksdbjni.test.DBTest" name="testIterator"/>
  <testcase time="0.097" classname="org.fusesource.rocksdbjni.test.DBTest" name="testMerge"/>
  <testcase time="0.09" classname="org.fusesource.rocksdbjni.test.DBTest" name="testSnapshot"/>
  <testcase time="2.211" classname="org.fusesource.rocksdbjni.test.DBTest" name="testCompactRanges"/>
  <testcase time="0.093" classname="org.fusesource.rocksdbjni.test.DBTest" name="testWriteBatch"/>
  <testcase time="2.633" classname="org.fusesource.rocksdbjni.test.DBTest" name="testApproximateSizes"/>
  <testcase time="0.102" classname="org.fusesource.rocksdbjni.test.DBTest" name="testCustomComparator1"/>
  <testcase time="0.099" classname="org.fusesource.rocksdbjni.test.DBTest" name="testCustomComparator2"/>
  <testcase time="0.095" classname="org.fusesource.rocksdbjni.test.DBTest" name="testSuspendAndResumeCompactions"/>
  <testcase time="24.76" classname="org.fusesource.rocksdbjni.test.DBTest" name="testIssue26"/>
  <testcase time="0.093" classname="org.fusesource.rocksdbjni.test.DBTest" name="testIssue27"/>
</testsuite>